<?xml version="1.0" encoding="UTF-8"?>
<!-- Generated by org.testng.reporters.JUnitReportReporter -->
<testsuite hostname="DESKTOP-6B0KB3N" failures="0" tests="7" name="new2.test" time="43.564" errors="0" timestamp="2024-02-22T20:13:21 IST" skipped="6">
  <testcase classname="new2.test" name="infolinksOnsettingpage" time="43.564"/>
  <testcase classname="new2.test" name="Tengacha">
    <skipped/>
  </testcase> <!-- Tengacha -->
  <testcase classname="new2.test" name="changePasswordAndsetAsITis">
    <skipped/>
  </testcase> <!-- changePasswordAndsetAsITis -->
  <testcase classname="new2.test" name="Homepagelinks">
    <skipped/>
  </testcase> <!-- Homepagelinks -->
  <testcase classname="new2.test" name="logout">
    <skipped/>
  </testcase> <!-- logout -->
  <testcase classname="new2.test" name="Onegacha">
    <skipped/>
  </testcase> <!-- Onegacha -->
  <testcase classname="new2.test" name="logintest">
    <skipped/>
  </testcase> <!-- logintest -->
</testsuite> <!-- new2.test -->
